{"C:\\Users\\RaghavKedia\\Desktop\\Coding\\Full Stack Projects\\KeyWarden\\src\\components\\CopyableKeyCard.tsx": {"path":"C:\\Users\\RaghavKedia\\Desktop\\Coding\\Full Stack Projects\\KeyWarden\\src\\components\\CopyableKeyCard.tsx","statementMap":{"0":{"start":{"line":17,"column":26},"end":{"line":17,"column":null}},"1":{"start":{"line":18,"column":16},"end":{"line":18,"column":null}},"2":{"start":{"line":20,"column":21},"end":{"line":34,"column":null}},"3":{"start":{"line":21,"column":4},"end":{"line":33,"column":null}},"4":{"start":{"line":22,"column":6},"end":{"line":22,"column":null}},"5":{"start":{"line":23,"column":6},"end":{"line":23,"column":null}},"6":{"start":{"line":24,"column":6},"end":{"line":26,"column":null}},"7":{"start":{"line":27,"column":6},"end":{"line":27,"column":null}},"8":{"start":{"line":27,"column":23},"end":{"line":27,"column":41}},"9":{"start":{"line":29,"column":6},"end":{"line":32,"column":null}},"10":{"start":{"line":36,"column":23},"end":{"line":36,"column":null}},"11":{"start":{"line":38,"column":2},"end":{"line":60,"column":null}}},"fnMap":{"0":{"name":"CopyableKeyCard","decl":{"start":{"line":16,"column":16},"end":{"line":16,"column":32}},"loc":{"start":{"line":16,"column":79},"end":{"line":62,"column":null}},"line":16},"1":{"name":"(anonymous_1)","decl":{"start":{"line":20,"column":21},"end":{"line":20,"column":33}},"loc":{"start":{"line":20,"column":33},"end":{"line":34,"column":null}},"line":20},"2":{"name":"(anonymous_2)","decl":{"start":{"line":27,"column":17},"end":{"line":27,"column":23}},"loc":{"start":{"line":27,"column":23},"end":{"line":27,"column":41}},"line":27}},"branchMap":{"0":{"loc":{"start":{"line":36,"column":23},"end":{"line":36,"column":null}},"type":"cond-expr","locations":[{"start":{"line":36,"column":38},"end":{"line":36,"column":85}},{"start":{"line":36,"column":85},"end":{"line":36,"column":null}}],"line":36},"1":{"loc":{"start":{"line":51,"column":76},"end":{"line":51,"column":null}},"type":"cond-expr","locations":[{"start":{"line":51,"column":91},"end":{"line":51,"column":106}},{"start":{"line":51,"column":106},"end":{"line":51,"column":null}}],"line":51},"2":{"loc":{"start":{"line":52,"column":15},"end":{"line":52,"column":null}},"type":"cond-expr","locations":[{"start":{"line":52,"column":30},"end":{"line":52,"column":60}},{"start":{"line":52,"column":60},"end":{"line":52,"column":null}}],"line":52},"3":{"loc":{"start":{"line":55,"column":15},"end":{"line":55,"column":null}},"type":"cond-expr","locations":[{"start":{"line":55,"column":24},"end":{"line":55,"column":56}},{"start":{"line":55,"column":56},"end":{"line":55,"column":null}}],"line":55}},"s":{"0":6,"1":6,"2":6,"3":2,"4":2,"5":1,"6":1,"7":1,"8":0,"9":1,"10":6,"11":6},"f":{"0":6,"1":2,"2":0},"b":{"0":[2,4],"1":[2,4],"2":[2,4],"3":[1,5]},"meta":{"lastBranch":4,"lastFunction":3,"lastStatement":12,"seen":{"f:16:16:16:32":0,"s:17:26:17:Infinity":0,"s:18:16:18:Infinity":1,"s:20:21:34:Infinity":2,"f:20:21:20:33":1,"s:21:4:33:Infinity":3,"s:22:6:22:Infinity":4,"s:23:6:23:Infinity":5,"s:24:6:26:Infinity":6,"s:27:6:27:Infinity":7,"f:27:17:27:23":2,"s:27:23:27:41":8,"s:29:6:32:Infinity":9,"s:36:23:36:Infinity":10,"b:36:38:36:85:36:85:36:Infinity":0,"s:38:2:60:Infinity":11,"b:51:91:51:106:51:106:51:Infinity":1,"b:52:30:52:60:52:60:52:Infinity":2,"b:55:24:55:56:55:56:55:Infinity":3}}}
,"C:\\Users\\RaghavKedia\\Desktop\\Coding\\Full Stack Projects\\KeyWarden\\src\\components\\ui\\badge.tsx": {"path":"C:\\Users\\RaghavKedia\\Desktop\\Coding\\Full Stack Projects\\KeyWarden\\src\\components\\ui\\badge.tsx","statementMap":{"0":{"start":{"line":5,"column":6},"end":{"line":20,"column":null}},"1":{"start":{"line":25,"column":2},"end":{"line":25,"column":null}}},"fnMap":{"0":{"name":"Badge","decl":{"start":{"line":24,"column":9},"end":{"line":24,"column":15}},"loc":{"start":{"line":24,"column":61},"end":{"line":26,"column":null}},"line":24}},"branchMap":{},"s":{"0":1,"1":6},"f":{"0":6},"b":{},"meta":{"lastBranch":0,"lastFunction":1,"lastStatement":2,"seen":{"s:5:6:20:Infinity":0,"f:24:9:24:15":0,"s:25:2:25:Infinity":1}}}
,"C:\\Users\\RaghavKedia\\Desktop\\Coding\\Full Stack Projects\\KeyWarden\\src\\components\\ui\\button.tsx": {"path":"C:\\Users\\RaghavKedia\\Desktop\\Coding\\Full Stack Projects\\KeyWarden\\src\\components\\ui\\button.tsx","statementMap":{"0":{"start":{"line":7,"column":6},"end":{"line":31,"column":null}},"1":{"start":{"line":39,"column":15},"end":{"line":44,"column":null}},"2":{"start":{"line":41,"column":17},"end":{"line":41,"column":null}},"3":{"start":{"line":42,"column":4},"end":{"line":42,"column":null}},"4":{"start":{"line":45,"column":0},"end":{"line":45,"column":null}}},"fnMap":{"0":{"name":"(anonymous_0)","decl":{"start":{"line":40,"column":2},"end":{"line":40,"column":3}},"loc":{"start":{"line":40,"column":68},"end":{"line":43,"column":null}},"line":40}},"branchMap":{"0":{"loc":{"start":{"line":40,"column":31},"end":{"line":40,"column":48}},"type":"default-arg","locations":[{"start":{"line":40,"column":41},"end":{"line":40,"column":48}}],"line":40},"1":{"loc":{"start":{"line":41,"column":17},"end":{"line":41,"column":null}},"type":"cond-expr","locations":[{"start":{"line":41,"column":27},"end":{"line":41,"column":34}},{"start":{"line":41,"column":34},"end":{"line":41,"column":null}}],"line":41}},"s":{"0":2,"1":2,"2":14,"3":14,"4":2},"f":{"0":14},"b":{"0":[14],"1":[0,14]},"meta":{"lastBranch":2,"lastFunction":1,"lastStatement":5,"seen":{"s:7:6:31:Infinity":0,"s:39:15:44:Infinity":1,"f:40:2:40:3":0,"b:40:41:40:48":0,"s:41:17:41:Infinity":2,"b:41:27:41:34:41:34:41:Infinity":1,"s:42:4:42:Infinity":3,"s:45:0:45:Infinity":4}}}
,"C:\\Users\\RaghavKedia\\Desktop\\Coding\\Full Stack Projects\\KeyWarden\\src\\components\\ui\\card.tsx": {"path":"C:\\Users\\RaghavKedia\\Desktop\\Coding\\Full Stack Projects\\KeyWarden\\src\\components\\ui\\card.tsx","statementMap":{"0":{"start":{"line":5,"column":13},"end":{"line":7,"column":null}},"1":{"start":{"line":6,"column":2},"end":{"line":6,"column":null}},"2":{"start":{"line":8,"column":0},"end":{"line":8,"column":null}},"3":{"start":{"line":10,"column":19},"end":{"line":14,"column":null}},"4":{"start":{"line":12,"column":4},"end":{"line":12,"column":null}},"5":{"start":{"line":15,"column":0},"end":{"line":15,"column":null}},"6":{"start":{"line":17,"column":18},"end":{"line":21,"column":null}},"7":{"start":{"line":19,"column":4},"end":{"line":19,"column":null}},"8":{"start":{"line":22,"column":0},"end":{"line":22,"column":null}},"9":{"start":{"line":24,"column":24},"end":{"line":28,"column":null}},"10":{"start":{"line":26,"column":4},"end":{"line":26,"column":null}},"11":{"start":{"line":29,"column":0},"end":{"line":29,"column":null}},"12":{"start":{"line":31,"column":20},"end":{"line":33,"column":null}},"13":{"start":{"line":32,"column":36},"end":{"line":32,"column":null}},"14":{"start":{"line":34,"column":0},"end":{"line":34,"column":null}},"15":{"start":{"line":36,"column":19},"end":{"line":40,"column":null}},"16":{"start":{"line":38,"column":4},"end":{"line":38,"column":null}},"17":{"start":{"line":41,"column":0},"end":{"line":41,"column":null}}},"fnMap":{"0":{"name":"(anonymous_0)","decl":{"start":{"line":5,"column":84},"end":{"line":5,"column":85}},"loc":{"start":{"line":6,"column":2},"end":{"line":6,"column":null}},"line":6},"1":{"name":"(anonymous_1)","decl":{"start":{"line":11,"column":2},"end":{"line":11,"column":3}},"loc":{"start":{"line":12,"column":4},"end":{"line":12,"column":null}},"line":12},"2":{"name":"(anonymous_2)","decl":{"start":{"line":18,"column":2},"end":{"line":18,"column":3}},"loc":{"start":{"line":19,"column":4},"end":{"line":19,"column":null}},"line":19},"3":{"name":"(anonymous_3)","decl":{"start":{"line":25,"column":2},"end":{"line":25,"column":3}},"loc":{"start":{"line":26,"column":4},"end":{"line":26,"column":null}},"line":26},"4":{"name":"(anonymous_4)","decl":{"start":{"line":32,"column":2},"end":{"line":32,"column":3}},"loc":{"start":{"line":32,"column":36},"end":{"line":32,"column":null}},"line":32},"5":{"name":"(anonymous_5)","decl":{"start":{"line":37,"column":2},"end":{"line":37,"column":3}},"loc":{"start":{"line":38,"column":4},"end":{"line":38,"column":null}},"line":38}},"branchMap":{},"s":{"0":1,"1":6,"2":1,"3":1,"4":0,"5":1,"6":1,"7":0,"8":1,"9":1,"10":0,"11":1,"12":1,"13":6,"14":1,"15":1,"16":0,"17":1},"f":{"0":6,"1":0,"2":0,"3":0,"4":6,"5":0},"b":{},"meta":{"lastBranch":0,"lastFunction":6,"lastStatement":18,"seen":{"s:5:13:7:Infinity":0,"f:5:84:5:85":0,"s:6:2:6:Infinity":1,"s:8:0:8:Infinity":2,"s:10:19:14:Infinity":3,"f:11:2:11:3":1,"s:12:4:12:Infinity":4,"s:15:0:15:Infinity":5,"s:17:18:21:Infinity":6,"f:18:2:18:3":2,"s:19:4:19:Infinity":7,"s:22:0:22:Infinity":8,"s:24:24:28:Infinity":9,"f:25:2:25:3":3,"s:26:4:26:Infinity":10,"s:29:0:29:Infinity":11,"s:31:20:33:Infinity":12,"f:32:2:32:3":4,"s:32:36:32:Infinity":13,"s:34:0:34:Infinity":14,"s:36:19:40:Infinity":15,"f:37:2:37:3":5,"s:38:4:38:Infinity":16,"s:41:0:41:Infinity":17}}}
,"C:\\Users\\RaghavKedia\\Desktop\\Coding\\Full Stack Projects\\KeyWarden\\src\\contexts\\ApiKeyContext.tsx": {"path":"C:\\Users\\RaghavKedia\\Desktop\\Coding\\Full Stack Projects\\KeyWarden\\src\\contexts\\ApiKeyContext.tsx","statementMap":{"0":{"start":{"line":17,"column":6},"end":{"line":17,"column":null}},"1":{"start":{"line":19,"column":38},"end":{"line":23,"column":null}},"2":{"start":{"line":26,"column":28},"end":{"line":26,"column":null}},"3":{"start":{"line":27,"column":38},"end":{"line":27,"column":null}},"4":{"start":{"line":28,"column":30},"end":{"line":28,"column":null}},"5":{"start":{"line":31,"column":2},"end":{"line":64,"column":null}},"6":{"start":{"line":32,"column":4},"end":{"line":32,"column":null}},"7":{"start":{"line":32,"column":18},"end":{"line":32,"column":null}},"8":{"start":{"line":34,"column":25},"end":{"line":34,"column":null}},"9":{"start":{"line":35,"column":30},"end":{"line":35,"column":null}},"10":{"start":{"line":37,"column":4},"end":{"line":45,"column":null}},"11":{"start":{"line":38,"column":6},"end":{"line":42,"column":null}},"12":{"start":{"line":39,"column":8},"end":{"line":39,"column":null}},"13":{"start":{"line":41,"column":8},"end":{"line":41,"column":null}},"14":{"start":{"line":44,"column":6},"end":{"line":44,"column":null}},"15":{"start":{"line":47,"column":4},"end":{"line":61,"column":null}},"16":{"start":{"line":48,"column":6},"end":{"line":57,"column":null}},"17":{"start":{"line":49,"column":23},"end":{"line":49,"column":null}},"18":{"start":{"line":50,"column":30},"end":{"line":53,"column":null}},"19":{"start":{"line":50,"column":56},"end":{"line":53,"column":10}},"20":{"start":{"line":54,"column":8},"end":{"line":54,"column":null}},"21":{"start":{"line":56,"column":8},"end":{"line":56,"column":null}},"22":{"start":{"line":60,"column":6},"end":{"line":60,"column":null}},"23":{"start":{"line":63,"column":4},"end":{"line":63,"column":null}},"24":{"start":{"line":67,"column":2},"end":{"line":71,"column":null}},"25":{"start":{"line":68,"column":4},"end":{"line":70,"column":null}},"26":{"start":{"line":69,"column":6},"end":{"line":69,"column":null}},"27":{"start":{"line":73,"column":2},"end":{"line":77,"column":null}},"28":{"start":{"line":74,"column":4},"end":{"line":76,"column":null}},"29":{"start":{"line":75,"column":6},"end":{"line":75,"column":null}},"30":{"start":{"line":79,"column":20},"end":{"line":86,"column":null}},"31":{"start":{"line":80,"column":30},"end":{"line":84,"column":null}},"32":{"start":{"line":85,"column":4},"end":{"line":85,"column":null}},"33":{"start":{"line":85,"column":25},"end":{"line":85,"column":45}},"34":{"start":{"line":88,"column":23},"end":{"line":90,"column":null}},"35":{"start":{"line":89,"column":4},"end":{"line":89,"column":null}},"36":{"start":{"line":89,"column":25},"end":{"line":89,"column":90}},"37":{"start":{"line":89,"column":44},"end":{"line":89,"column":89}},"38":{"start":{"line":92,"column":23},"end":{"line":94,"column":null}},"39":{"start":{"line":93,"column":4},"end":{"line":93,"column":null}},"40":{"start":{"line":93,"column":25},"end":{"line":93,"column":60}},"41":{"start":{"line":93,"column":46},"end":{"line":93,"column":59}},"42":{"start":{"line":96,"column":25},"end":{"line":103,"column":null}},"43":{"start":{"line":97,"column":34},"end":{"line":100,"column":null}},"44":{"start":{"line":101,"column":4},"end":{"line":101,"column":null}},"45":{"start":{"line":101,"column":30},"end":{"line":101,"column":49}},"46":{"start":{"line":102,"column":4},"end":{"line":102,"column":null}},"47":{"start":{"line":105,"column":28},"end":{"line":118,"column":null}},"48":{"start":{"line":106,"column":21},"end":{"line":106,"column":null}},"49":{"start":{"line":106,"column":46},"end":{"line":106,"column":57}},"50":{"start":{"line":107,"column":4},"end":{"line":107,"column":null}},"51":{"start":{"line":107,"column":19},"end":{"line":107,"column":null}},"52":{"start":{"line":109,"column":4},"end":{"line":109,"column":null}},"53":{"start":{"line":109,"column":30},"end":{"line":109,"column":97}},"54":{"start":{"line":109,"column":51},"end":{"line":109,"column":96}},"55":{"start":{"line":112,"column":4},"end":{"line":117,"column":null}},"56":{"start":{"line":113,"column":6},"end":{"line":116,"column":null}},"57":{"start":{"line":113,"column":25},"end":{"line":116,"column":8}},"58":{"start":{"line":115,"column":43},"end":{"line":115,"column":101}},"59":{"start":{"line":120,"column":28},"end":{"line":137,"column":null}},"60":{"start":{"line":121,"column":26},"end":{"line":121,"column":null}},"61":{"start":{"line":121,"column":51},"end":{"line":121,"column":62}},"62":{"start":{"line":122,"column":4},"end":{"line":122,"column":null}},"63":{"start":{"line":122,"column":24},"end":{"line":122,"column":null}},"64":{"start":{"line":124,"column":4},"end":{"line":126,"column":null}},"65":{"start":{"line":125,"column":6},"end":{"line":125,"column":null}},"66":{"start":{"line":128,"column":4},"end":{"line":128,"column":null}},"67":{"start":{"line":128,"column":30},"end":{"line":128,"column":69}},"68":{"start":{"line":128,"column":53},"end":{"line":128,"column":68}},"69":{"start":{"line":131,"column":4},"end":{"line":136,"column":null}},"70":{"start":{"line":132,"column":6},"end":{"line":135,"column":null}},"71":{"start":{"line":132,"column":25},"end":{"line":135,"column":8}},"72":{"start":{"line":134,"column":45},"end":{"line":134,"column":78}},"73":{"start":{"line":139,"column":2},"end":{"line":153,"column":null}},"74":{"start":{"line":158,"column":8},"end":{"line":158,"column":null}},"75":{"start":{"line":159,"column":2},"end":{"line":161,"column":null}},"76":{"start":{"line":160,"column":4},"end":{"line":160,"column":null}},"77":{"start":{"line":162,"column":2},"end":{"line":162,"column":null}}},"fnMap":{"0":{"name":"ApiKeyProvider","decl":{"start":{"line":25,"column":16},"end":{"line":25,"column":31}},"loc":{"start":{"line":25,"column":70},"end":{"line":155,"column":null}},"line":25},"1":{"name":"(anonymous_1)","decl":{"start":{"line":31,"column":12},"end":{"line":31,"column":18}},"loc":{"start":{"line":31,"column":18},"end":{"line":64,"column":5}},"line":31},"2":{"name":"(anonymous_2)","decl":{"start":{"line":50,"column":41},"end":{"line":50,"column":42}},"loc":{"start":{"line":50,"column":56},"end":{"line":53,"column":10}},"line":50},"3":{"name":"(anonymous_3)","decl":{"start":{"line":67,"column":12},"end":{"line":67,"column":18}},"loc":{"start":{"line":67,"column":18},"end":{"line":71,"column":5}},"line":67},"4":{"name":"(anonymous_4)","decl":{"start":{"line":73,"column":12},"end":{"line":73,"column":18}},"loc":{"start":{"line":73,"column":18},"end":{"line":77,"column":5}},"line":73},"5":{"name":"(anonymous_5)","decl":{"start":{"line":79,"column":20},"end":{"line":79,"column":21}},"loc":{"start":{"line":79,"column":70},"end":{"line":86,"column":null}},"line":79},"6":{"name":"(anonymous_6)","decl":{"start":{"line":85,"column":15},"end":{"line":85,"column":16}},"loc":{"start":{"line":85,"column":25},"end":{"line":85,"column":45}},"line":85},"7":{"name":"(anonymous_7)","decl":{"start":{"line":88,"column":23},"end":{"line":88,"column":24}},"loc":{"start":{"line":88,"column":65},"end":{"line":90,"column":null}},"line":88},"8":{"name":"(anonymous_8)","decl":{"start":{"line":89,"column":15},"end":{"line":89,"column":16}},"loc":{"start":{"line":89,"column":25},"end":{"line":89,"column":90}},"line":89},"9":{"name":"(anonymous_9)","decl":{"start":{"line":89,"column":34},"end":{"line":89,"column":35}},"loc":{"start":{"line":89,"column":44},"end":{"line":89,"column":89}},"line":89},"10":{"name":"(anonymous_10)","decl":{"start":{"line":92,"column":23},"end":{"line":92,"column":24}},"loc":{"start":{"line":92,"column":39},"end":{"line":94,"column":null}},"line":92},"11":{"name":"(anonymous_11)","decl":{"start":{"line":93,"column":15},"end":{"line":93,"column":16}},"loc":{"start":{"line":93,"column":25},"end":{"line":93,"column":60}},"line":93},"12":{"name":"(anonymous_12)","decl":{"start":{"line":93,"column":37},"end":{"line":93,"column":38}},"loc":{"start":{"line":93,"column":46},"end":{"line":93,"column":59}},"line":93},"13":{"name":"(anonymous_13)","decl":{"start":{"line":96,"column":25},"end":{"line":96,"column":26}},"loc":{"start":{"line":96,"column":56},"end":{"line":103,"column":null}},"line":96},"14":{"name":"(anonymous_14)","decl":{"start":{"line":101,"column":20},"end":{"line":101,"column":21}},"loc":{"start":{"line":101,"column":30},"end":{"line":101,"column":49}},"line":101},"15":{"name":"(anonymous_15)","decl":{"start":{"line":105,"column":28},"end":{"line":105,"column":29}},"loc":{"start":{"line":105,"column":58},"end":{"line":118,"column":null}},"line":105},"16":{"name":"(anonymous_16)","decl":{"start":{"line":106,"column":39},"end":{"line":106,"column":40}},"loc":{"start":{"line":106,"column":46},"end":{"line":106,"column":57}},"line":106},"17":{"name":"(anonymous_17)","decl":{"start":{"line":109,"column":20},"end":{"line":109,"column":21}},"loc":{"start":{"line":109,"column":30},"end":{"line":109,"column":97}},"line":109},"18":{"name":"(anonymous_18)","decl":{"start":{"line":109,"column":39},"end":{"line":109,"column":40}},"loc":{"start":{"line":109,"column":51},"end":{"line":109,"column":96}},"line":109},"19":{"name":"(anonymous_19)","decl":{"start":{"line":112,"column":15},"end":{"line":112,"column":16}},"loc":{"start":{"line":113,"column":6},"end":{"line":116,"column":null}},"line":113},"20":{"name":"(anonymous_20)","decl":{"start":{"line":113,"column":15},"end":{"line":113,"column":16}},"loc":{"start":{"line":113,"column":25},"end":{"line":116,"column":8}},"line":113},"21":{"name":"(anonymous_21)","decl":{"start":{"line":115,"column":31},"end":{"line":115,"column":32}},"loc":{"start":{"line":115,"column":43},"end":{"line":115,"column":101}},"line":115},"22":{"name":"(anonymous_22)","decl":{"start":{"line":120,"column":28},"end":{"line":120,"column":29}},"loc":{"start":{"line":120,"column":44},"end":{"line":137,"column":null}},"line":120},"23":{"name":"(anonymous_23)","decl":{"start":{"line":121,"column":44},"end":{"line":121,"column":45}},"loc":{"start":{"line":121,"column":51},"end":{"line":121,"column":62}},"line":121},"24":{"name":"(anonymous_24)","decl":{"start":{"line":128,"column":20},"end":{"line":128,"column":21}},"loc":{"start":{"line":128,"column":30},"end":{"line":128,"column":69}},"line":128},"25":{"name":"(anonymous_25)","decl":{"start":{"line":128,"column":42},"end":{"line":128,"column":43}},"loc":{"start":{"line":128,"column":53},"end":{"line":128,"column":68}},"line":128},"26":{"name":"(anonymous_26)","decl":{"start":{"line":131,"column":15},"end":{"line":131,"column":16}},"loc":{"start":{"line":132,"column":6},"end":{"line":135,"column":null}},"line":132},"27":{"name":"(anonymous_27)","decl":{"start":{"line":132,"column":15},"end":{"line":132,"column":16}},"loc":{"start":{"line":132,"column":25},"end":{"line":135,"column":8}},"line":132},"28":{"name":"(anonymous_28)","decl":{"start":{"line":134,"column":34},"end":{"line":134,"column":35}},"loc":{"start":{"line":134,"column":45},"end":{"line":134,"column":78}},"line":134},"29":{"name":"useApiKeys","decl":{"start":{"line":157,"column":16},"end":{"line":157,"column":29}},"loc":{"start":{"line":157,"column":29},"end":{"line":163,"column":null}},"line":157}},"branchMap":{"0":{"loc":{"start":{"line":32,"column":4},"end":{"line":32,"column":null}},"type":"if","locations":[{"start":{"line":32,"column":4},"end":{"line":32,"column":null}},{"start":{},"end":{}}],"line":32},"1":{"loc":{"start":{"line":37,"column":4},"end":{"line":45,"column":null}},"type":"if","locations":[{"start":{"line":37,"column":4},"end":{"line":45,"column":null}},{"start":{"line":43,"column":11},"end":{"line":45,"column":null}}],"line":37},"2":{"loc":{"start":{"line":47,"column":4},"end":{"line":61,"column":null}},"type":"if","locations":[{"start":{"line":47,"column":4},"end":{"line":61,"column":null}},{"start":{"line":58,"column":11},"end":{"line":61,"column":null}}],"line":47},"3":{"loc":{"start":{"line":68,"column":4},"end":{"line":70,"column":null}},"type":"if","locations":[{"start":{"line":68,"column":4},"end":{"line":70,"column":null}},{"start":{},"end":{}}],"line":68},"4":{"loc":{"start":{"line":74,"column":4},"end":{"line":76,"column":null}},"type":"if","locations":[{"start":{"line":74,"column":4},"end":{"line":76,"column":null}},{"start":{},"end":{}}],"line":74},"5":{"loc":{"start":{"line":89,"column":44},"end":{"line":89,"column":89}},"type":"cond-expr","locations":[{"start":{"line":89,"column":60},"end":{"line":89,"column":85}},{"start":{"line":89,"column":85},"end":{"line":89,"column":89}}],"line":89},"6":{"loc":{"start":{"line":107,"column":4},"end":{"line":107,"column":null}},"type":"if","locations":[{"start":{"line":107,"column":4},"end":{"line":107,"column":null}},{"start":{},"end":{}}],"line":107},"7":{"loc":{"start":{"line":109,"column":51},"end":{"line":109,"column":96}},"type":"cond-expr","locations":[{"start":{"line":109,"column":69},"end":{"line":109,"column":90}},{"start":{"line":109,"column":90},"end":{"line":109,"column":96}}],"line":109},"8":{"loc":{"start":{"line":115,"column":43},"end":{"line":115,"column":101}},"type":"cond-expr","locations":[{"start":{"line":115,"column":74},"end":{"line":115,"column":95}},{"start":{"line":115,"column":95},"end":{"line":115,"column":101}}],"line":115},"9":{"loc":{"start":{"line":122,"column":4},"end":{"line":122,"column":null}},"type":"if","locations":[{"start":{"line":122,"column":4},"end":{"line":122,"column":null}},{"start":{},"end":{}}],"line":122},"10":{"loc":{"start":{"line":124,"column":4},"end":{"line":126,"column":null}},"type":"if","locations":[{"start":{"line":124,"column":4},"end":{"line":126,"column":null}},{"start":{},"end":{}}],"line":124},"11":{"loc":{"start":{"line":159,"column":2},"end":{"line":161,"column":null}},"type":"if","locations":[{"start":{"line":159,"column":2},"end":{"line":161,"column":null}},{"start":{},"end":{}}],"line":159}},"s":{"0":1,"1":1,"2":0,"3":0,"4":0,"5":0,"6":0,"7":0,"8":0,"9":0,"10":0,"11":0,"12":0,"13":0,"14":0,"15":0,"16":0,"17":0,"18":0,"19":0,"20":0,"21":0,"22":0,"23":0,"24":0,"25":0,"26":0,"27":0,"28":0,"29":0,"30":0,"31":0,"32":0,"33":0,"34":0,"35":0,"36":0,"37":0,"38":0,"39":0,"40":0,"41":0,"42":0,"43":0,"44":0,"45":0,"46":0,"47":0,"48":0,"49":0,"50":0,"51":0,"52":0,"53":0,"54":0,"55":0,"56":0,"57":0,"58":0,"59":0,"60":0,"61":0,"62":0,"63":0,"64":0,"65":0,"66":0,"67":0,"68":0,"69":0,"70":0,"71":0,"72":0,"73":0,"74":0,"75":0,"76":0,"77":0},"f":{"0":0,"1":0,"2":0,"3":0,"4":0,"5":0,"6":0,"7":0,"8":0,"9":0,"10":0,"11":0,"12":0,"13":0,"14":0,"15":0,"16":0,"17":0,"18":0,"19":0,"20":0,"21":0,"22":0,"23":0,"24":0,"25":0,"26":0,"27":0,"28":0,"29":0},"b":{"0":[0,0],"1":[0,0],"2":[0,0],"3":[0,0],"4":[0,0],"5":[0,0],"6":[0,0],"7":[0,0],"8":[0,0],"9":[0,0],"10":[0,0],"11":[0,0]},"meta":{"lastBranch":12,"lastFunction":30,"lastStatement":78,"seen":{"s:17:6:17:Infinity":0,"s:19:38:23:Infinity":1,"f:25:16:25:31":0,"s:26:28:26:Infinity":2,"s:27:38:27:Infinity":3,"s:28:30:28:Infinity":4,"s:31:2:64:Infinity":5,"f:31:12:31:18":1,"b:32:4:32:Infinity:undefined:undefined:undefined:undefined":0,"s:32:4:32:Infinity":6,"s:32:18:32:Infinity":7,"s:34:25:34:Infinity":8,"s:35:30:35:Infinity":9,"b:37:4:45:Infinity:43:11:45:Infinity":1,"s:37:4:45:Infinity":10,"s:38:6:42:Infinity":11,"s:39:8:39:Infinity":12,"s:41:8:41:Infinity":13,"s:44:6:44:Infinity":14,"b:47:4:61:Infinity:58:11:61:Infinity":2,"s:47:4:61:Infinity":15,"s:48:6:57:Infinity":16,"s:49:23:49:Infinity":17,"s:50:30:53:Infinity":18,"f:50:41:50:42":2,"s:50:56:53:10":19,"s:54:8:54:Infinity":20,"s:56:8:56:Infinity":21,"s:60:6:60:Infinity":22,"s:63:4:63:Infinity":23,"s:67:2:71:Infinity":24,"f:67:12:67:18":3,"b:68:4:70:Infinity:undefined:undefined:undefined:undefined":3,"s:68:4:70:Infinity":25,"s:69:6:69:Infinity":26,"s:73:2:77:Infinity":27,"f:73:12:73:18":4,"b:74:4:76:Infinity:undefined:undefined:undefined:undefined":4,"s:74:4:76:Infinity":28,"s:75:6:75:Infinity":29,"s:79:20:86:Infinity":30,"f:79:20:79:21":5,"s:80:30:84:Infinity":31,"s:85:4:85:Infinity":32,"f:85:15:85:16":6,"s:85:25:85:45":33,"s:88:23:90:Infinity":34,"f:88:23:88:24":7,"s:89:4:89:Infinity":35,"f:89:15:89:16":8,"s:89:25:89:90":36,"f:89:34:89:35":9,"s:89:44:89:89":37,"b:89:60:89:85:89:85:89:89":5,"s:92:23:94:Infinity":38,"f:92:23:92:24":10,"s:93:4:93:Infinity":39,"f:93:15:93:16":11,"s:93:25:93:60":40,"f:93:37:93:38":12,"s:93:46:93:59":41,"s:96:25:103:Infinity":42,"f:96:25:96:26":13,"s:97:34:100:Infinity":43,"s:101:4:101:Infinity":44,"f:101:20:101:21":14,"s:101:30:101:49":45,"s:102:4:102:Infinity":46,"s:105:28:118:Infinity":47,"f:105:28:105:29":15,"s:106:21:106:Infinity":48,"f:106:39:106:40":16,"s:106:46:106:57":49,"b:107:4:107:Infinity:undefined:undefined:undefined:undefined":6,"s:107:4:107:Infinity":50,"s:107:19:107:Infinity":51,"s:109:4:109:Infinity":52,"f:109:20:109:21":17,"s:109:30:109:97":53,"f:109:39:109:40":18,"s:109:51:109:96":54,"b:109:69:109:90:109:90:109:96":7,"s:112:4:117:Infinity":55,"f:112:15:112:16":19,"s:113:6:116:Infinity":56,"f:113:15:113:16":20,"s:113:25:116:8":57,"f:115:31:115:32":21,"s:115:43:115:101":58,"b:115:74:115:95:115:95:115:101":8,"s:120:28:137:Infinity":59,"f:120:28:120:29":22,"s:121:26:121:Infinity":60,"f:121:44:121:45":23,"s:121:51:121:62":61,"b:122:4:122:Infinity:undefined:undefined:undefined:undefined":9,"s:122:4:122:Infinity":62,"s:122:24:122:Infinity":63,"b:124:4:126:Infinity:undefined:undefined:undefined:undefined":10,"s:124:4:126:Infinity":64,"s:125:6:125:Infinity":65,"s:128:4:128:Infinity":66,"f:128:20:128:21":24,"s:128:30:128:69":67,"f:128:42:128:43":25,"s:128:53:128:68":68,"s:131:4:136:Infinity":69,"f:131:15:131:16":26,"s:132:6:135:Infinity":70,"f:132:15:132:16":27,"s:132:25:135:8":71,"f:134:34:134:35":28,"s:134:45:134:78":72,"s:139:2:153:Infinity":73,"f:157:16:157:29":29,"s:158:8:158:Infinity":74,"b:159:2:161:Infinity:undefined:undefined:undefined:undefined":11,"s:159:2:161:Infinity":75,"s:160:4:160:Infinity":76,"s:162:2:162:Infinity":77}}}
,"C:\\Users\\RaghavKedia\\Desktop\\Coding\\Full Stack Projects\\KeyWarden\\src\\contexts\\AuthContext.tsx": {"path":"C:\\Users\\RaghavKedia\\Desktop\\Coding\\Full Stack Projects\\KeyWarden\\src\\contexts\\AuthContext.tsx","statementMap":{"0":{"start":{"line":24,"column":6},"end":{"line":24,"column":null}},"1":{"start":{"line":27,"column":22},"end":{"line":27,"column":null}},"2":{"start":{"line":28,"column":44},"end":{"line":28,"column":null}},"3":{"start":{"line":30,"column":2},"end":{"line":44,"column":null}},"4":{"start":{"line":32,"column":22},"end":{"line":32,"column":null}},"5":{"start":{"line":33,"column":4},"end":{"line":36,"column":null}},"6":{"start":{"line":34,"column":6},"end":{"line":34,"column":null}},"7":{"start":{"line":35,"column":6},"end":{"line":35,"column":null}},"8":{"start":{"line":39,"column":23},"end":{"line":39,"column":null}},"9":{"start":{"line":40,"column":4},"end":{"line":43,"column":null}},"10":{"start":{"line":41,"column":40},"end":{"line":41,"column":null}},"11":{"start":{"line":42,"column":6},"end":{"line":42,"column":null}},"12":{"start":{"line":46,"column":16},"end":{"line":65,"column":null}},"13":{"start":{"line":48,"column":26},"end":{"line":48,"column":null}},"14":{"start":{"line":49,"column":43},"end":{"line":49,"column":null}},"15":{"start":{"line":51,"column":4},"end":{"line":63,"column":null}},"16":{"start":{"line":53,"column":30},"end":{"line":53,"column":null}},"17":{"start":{"line":54,"column":27},"end":{"line":54,"column":null}},"18":{"start":{"line":55,"column":33},"end":{"line":57,"column":null}},"19":{"start":{"line":59,"column":6},"end":{"line":59,"column":null}},"20":{"start":{"line":60,"column":6},"end":{"line":60,"column":null}},"21":{"start":{"line":61,"column":6},"end":{"line":61,"column":null}},"22":{"start":{"line":62,"column":6},"end":{"line":62,"column":null}},"23":{"start":{"line":64,"column":4},"end":{"line":64,"column":null}},"24":{"start":{"line":67,"column":17},"end":{"line":72,"column":null}},"25":{"start":{"line":68,"column":4},"end":{"line":68,"column":null}},"26":{"start":{"line":69,"column":4},"end":{"line":69,"column":null}},"27":{"start":{"line":70,"column":4},"end":{"line":70,"column":null}},"28":{"start":{"line":74,"column":24},"end":{"line":90,"column":null}},"29":{"start":{"line":75,"column":4},"end":{"line":89,"column":null}},"30":{"start":{"line":76,"column":26},"end":{"line":76,"column":null}},"31":{"start":{"line":77,"column":6},"end":{"line":77,"column":null}},"32":{"start":{"line":78,"column":6},"end":{"line":78,"column":null}},"33":{"start":{"line":81,"column":6},"end":{"line":88,"column":null}},"34":{"start":{"line":82,"column":30},"end":{"line":82,"column":null}},"35":{"start":{"line":83,"column":8},"end":{"line":87,"column":null}},"36":{"start":{"line":84,"column":42},"end":{"line":84,"column":null}},"37":{"start":{"line":85,"column":40},"end":{"line":85,"column":null}},"38":{"start":{"line":86,"column":10},"end":{"line":86,"column":null}},"39":{"start":{"line":92,"column":2},"end":{"line":95,"column":null}},"40":{"start":{"line":100,"column":8},"end":{"line":100,"column":null}},"41":{"start":{"line":101,"column":2},"end":{"line":103,"column":null}},"42":{"start":{"line":102,"column":4},"end":{"line":102,"column":null}},"43":{"start":{"line":104,"column":2},"end":{"line":104,"column":null}}},"fnMap":{"0":{"name":"AuthProvider","decl":{"start":{"line":26,"column":16},"end":{"line":26,"column":29}},"loc":{"start":{"line":26,"column":68},"end":{"line":97,"column":null}},"line":26},"1":{"name":"(anonymous_1)","decl":{"start":{"line":30,"column":12},"end":{"line":30,"column":18}},"loc":{"start":{"line":30,"column":18},"end":{"line":44,"column":5}},"line":30},"2":{"name":"(anonymous_2)","decl":{"start":{"line":46,"column":16},"end":{"line":46,"column":23}},"loc":{"start":{"line":46,"column":77},"end":{"line":65,"column":null}},"line":46},"3":{"name":"(anonymous_3)","decl":{"start":{"line":67,"column":17},"end":{"line":67,"column":23}},"loc":{"start":{"line":67,"column":23},"end":{"line":72,"column":null}},"line":67},"4":{"name":"(anonymous_4)","decl":{"start":{"line":74,"column":24},"end":{"line":74,"column":25}},"loc":{"start":{"line":74,"column":52},"end":{"line":90,"column":null}},"line":74},"5":{"name":"useAuth","decl":{"start":{"line":99,"column":16},"end":{"line":99,"column":26}},"loc":{"start":{"line":99,"column":26},"end":{"line":105,"column":null}},"line":99}},"branchMap":{"0":{"loc":{"start":{"line":33,"column":4},"end":{"line":36,"column":null}},"type":"if","locations":[{"start":{"line":33,"column":4},"end":{"line":36,"column":null}},{"start":{},"end":{}}],"line":33},"1":{"loc":{"start":{"line":40,"column":4},"end":{"line":43,"column":null}},"type":"if","locations":[{"start":{"line":40,"column":4},"end":{"line":43,"column":null}},{"start":{},"end":{}}],"line":40},"2":{"loc":{"start":{"line":49,"column":43},"end":{"line":49,"column":null}},"type":"cond-expr","locations":[{"start":{"line":49,"column":59},"end":{"line":49,"column":87}},{"start":{"line":49,"column":87},"end":{"line":49,"column":null}}],"line":49},"3":{"loc":{"start":{"line":51,"column":4},"end":{"line":63,"column":null}},"type":"if","locations":[{"start":{"line":51,"column":4},"end":{"line":63,"column":null}},{"start":{},"end":{}}],"line":51},"4":{"loc":{"start":{"line":51,"column":8},"end":{"line":51,"column":86}},"type":"binary-expr","locations":[{"start":{"line":51,"column":8},"end":{"line":51,"column":22}},{"start":{"line":51,"column":22},"end":{"line":51,"column":52}},{"start":{"line":51,"column":52},"end":{"line":51,"column":86}}],"line":51},"5":{"loc":{"start":{"line":54,"column":27},"end":{"line":54,"column":null}},"type":"cond-expr","locations":[{"start":{"line":54,"column":46},"end":{"line":54,"column":85}},{"start":{"line":54,"column":85},"end":{"line":54,"column":null}}],"line":54},"6":{"loc":{"start":{"line":55,"column":33},"end":{"line":57,"column":null}},"type":"cond-expr","locations":[{"start":{"line":56,"column":10},"end":{"line":56,"column":null}},{"start":{"line":57,"column":10},"end":{"line":57,"column":null}}],"line":55},"7":{"loc":{"start":{"line":75,"column":4},"end":{"line":89,"column":null}},"type":"if","locations":[{"start":{"line":75,"column":4},"end":{"line":89,"column":null}},{"start":{},"end":{}}],"line":75},"8":{"loc":{"start":{"line":81,"column":6},"end":{"line":88,"column":null}},"type":"if","locations":[{"start":{"line":81,"column":6},"end":{"line":88,"column":null}},{"start":{},"end":{}}],"line":81},"9":{"loc":{"start":{"line":83,"column":8},"end":{"line":87,"column":null}},"type":"if","locations":[{"start":{"line":83,"column":8},"end":{"line":87,"column":null}},{"start":{},"end":{}}],"line":83},"10":{"loc":{"start":{"line":101,"column":2},"end":{"line":103,"column":null}},"type":"if","locations":[{"start":{"line":101,"column":2},"end":{"line":103,"column":null}},{"start":{},"end":{}}],"line":101}},"s":{"0":1,"1":0,"2":0,"3":0,"4":0,"5":0,"6":0,"7":0,"8":0,"9":0,"10":0,"11":0,"12":0,"13":0,"14":0,"15":0,"16":0,"17":0,"18":0,"19":0,"20":0,"21":0,"22":0,"23":0,"24":0,"25":0,"26":0,"27":0,"28":0,"29":0,"30":0,"31":0,"32":0,"33":0,"34":0,"35":0,"36":0,"37":0,"38":0,"39":0,"40":0,"41":0,"42":0,"43":0},"f":{"0":0,"1":0,"2":0,"3":0,"4":0,"5":0},"b":{"0":[0,0],"1":[0,0],"2":[0,0],"3":[0,0],"4":[0,0,0],"5":[0,0],"6":[0,0],"7":[0,0],"8":[0,0],"9":[0,0],"10":[0,0]},"meta":{"lastBranch":11,"lastFunction":6,"lastStatement":44,"seen":{"s:24:6:24:Infinity":0,"f:26:16:26:29":0,"s:27:22:27:Infinity":1,"s:28:44:28:Infinity":2,"s:30:2:44:Infinity":3,"f:30:12:30:18":1,"s:32:22:32:Infinity":4,"b:33:4:36:Infinity:undefined:undefined:undefined:undefined":0,"s:33:4:36:Infinity":5,"s:34:6:34:Infinity":6,"s:35:6:35:Infinity":7,"s:39:23:39:Infinity":8,"b:40:4:43:Infinity:undefined:undefined:undefined:undefined":1,"s:40:4:43:Infinity":9,"s:41:40:41:Infinity":10,"s:42:6:42:Infinity":11,"s:46:16:65:Infinity":12,"f:46:16:46:23":2,"s:48:26:48:Infinity":13,"s:49:43:49:Infinity":14,"b:49:59:49:87:49:87:49:Infinity":2,"b:51:4:63:Infinity:undefined:undefined:undefined:undefined":3,"s:51:4:63:Infinity":15,"b:51:8:51:22:51:22:51:52:51:52:51:86":4,"s:53:30:53:Infinity":16,"s:54:27:54:Infinity":17,"b:54:46:54:85:54:85:54:Infinity":5,"s:55:33:57:Infinity":18,"b:56:10:56:Infinity:57:10:57:Infinity":6,"s:59:6:59:Infinity":19,"s:60:6:60:Infinity":20,"s:61:6:61:Infinity":21,"s:62:6:62:Infinity":22,"s:64:4:64:Infinity":23,"s:67:17:72:Infinity":24,"f:67:17:67:23":3,"s:68:4:68:Infinity":25,"s:69:4:69:Infinity":26,"s:70:4:70:Infinity":27,"s:74:24:90:Infinity":28,"f:74:24:74:25":4,"b:75:4:89:Infinity:undefined:undefined:undefined:undefined":7,"s:75:4:89:Infinity":29,"s:76:26:76:Infinity":30,"s:77:6:77:Infinity":31,"s:78:6:78:Infinity":32,"b:81:6:88:Infinity:undefined:undefined:undefined:undefined":8,"s:81:6:88:Infinity":33,"s:82:30:82:Infinity":34,"b:83:8:87:Infinity:undefined:undefined:undefined:undefined":9,"s:83:8:87:Infinity":35,"s:84:42:84:Infinity":36,"s:85:40:85:Infinity":37,"s:86:10:86:Infinity":38,"s:92:2:95:Infinity":39,"f:99:16:99:26":5,"s:100:8:100:Infinity":40,"b:101:2:103:Infinity:undefined:undefined:undefined:undefined":10,"s:101:2:103:Infinity":41,"s:102:4:102:Infinity":42,"s:104:2:104:Infinity":43}}}
,"C:\\Users\\RaghavKedia\\Desktop\\Coding\\Full Stack Projects\\KeyWarden\\src\\hooks\\use-toast.ts": {"path":"C:\\Users\\RaghavKedia\\Desktop\\Coding\\Full Stack Projects\\KeyWarden\\src\\hooks\\use-toast.ts","statementMap":{"0":{"start":{"line":7,"column":20},"end":{"line":7,"column":null}},"1":{"start":{"line":8,"column":27},"end":{"line":8,"column":null}},"2":{"start":{"line":17,"column":20},"end":{"line":22,"column":null}},"3":{"start":{"line":24,"column":12},"end":{"line":24,"column":null}},"4":{"start":{"line":27,"column":2},"end":{"line":27,"column":null}},"5":{"start":{"line":28,"column":2},"end":{"line":28,"column":null}},"6":{"start":{"line":55,"column":22},"end":{"line":55,"column":null}},"7":{"start":{"line":57,"column":25},"end":{"line":71,"column":null}},"8":{"start":{"line":58,"column":2},"end":{"line":60,"column":null}},"9":{"start":{"line":59,"column":4},"end":{"line":59,"column":null}},"10":{"start":{"line":62,"column":18},"end":{"line":68,"column":null}},"11":{"start":{"line":63,"column":4},"end":{"line":63,"column":null}},"12":{"start":{"line":64,"column":4},"end":{"line":67,"column":null}},"13":{"start":{"line":70,"column":2},"end":{"line":70,"column":null}},"14":{"start":{"line":73,"column":23},"end":{"line":122,"column":null}},"15":{"start":{"line":74,"column":2},"end":{"line":121,"column":null}},"16":{"start":{"line":76,"column":6},"end":{"line":79,"column":null}},"17":{"start":{"line":82,"column":6},"end":{"line":85,"column":null}},"18":{"start":{"line":84,"column":41},"end":{"line":84,"column":98}},"19":{"start":{"line":88,"column":26},"end":{"line":88,"column":null}},"20":{"start":{"line":90,"column":6},"end":{"line":96,"column":null}},"21":{"start":{"line":91,"column":8},"end":{"line":91,"column":null}},"22":{"start":{"line":93,"column":8},"end":{"line":95,"column":null}},"23":{"start":{"line":94,"column":10},"end":{"line":94,"column":null}},"24":{"start":{"line":98,"column":6},"end":{"line":108,"column":null}},"25":{"start":{"line":101,"column":10},"end":{"line":106,"column":null}},"26":{"start":{"line":111,"column":6},"end":{"line":116,"column":null}},"27":{"start":{"line":112,"column":8},"end":{"line":115,"column":null}},"28":{"start":{"line":117,"column":6},"end":{"line":120,"column":null}},"29":{"start":{"line":119,"column":43},"end":{"line":119,"column":66}},"30":{"start":{"line":124,"column":49},"end":{"line":124,"column":null}},"31":{"start":{"line":126,"column":25},"end":{"line":126,"column":null}},"32":{"start":{"line":129,"column":2},"end":{"line":129,"column":null}},"33":{"start":{"line":130,"column":2},"end":{"line":132,"column":null}},"34":{"start":{"line":131,"column":4},"end":{"line":131,"column":null}},"35":{"start":{"line":138,"column":13},"end":{"line":138,"column":null}},"36":{"start":{"line":140,"column":17},"end":{"line":144,"column":null}},"37":{"start":{"line":141,"column":4},"end":{"line":144,"column":null}},"38":{"start":{"line":145,"column":18},"end":{"line":145,"column":null}},"39":{"start":{"line":145,"column":24},"end":{"line":145,"column":null}},"40":{"start":{"line":147,"column":2},"end":{"line":157,"column":null}},"41":{"start":{"line":154,"column":8},"end":{"line":154,"column":null}},"42":{"start":{"line":154,"column":19},"end":{"line":154,"column":null}},"43":{"start":{"line":159,"column":2},"end":{"line":163,"column":null}},"44":{"start":{"line":167,"column":28},"end":{"line":167,"column":null}},"45":{"start":{"line":169,"column":2},"end":{"line":177,"column":null}},"46":{"start":{"line":170,"column":4},"end":{"line":170,"column":null}},"47":{"start":{"line":171,"column":4},"end":{"line":176,"column":null}},"48":{"start":{"line":172,"column":20},"end":{"line":172,"column":null}},"49":{"start":{"line":173,"column":6},"end":{"line":175,"column":null}},"50":{"start":{"line":174,"column":8},"end":{"line":174,"column":null}},"51":{"start":{"line":179,"column":2},"end":{"line":183,"column":null}},"52":{"start":{"line":182,"column":35},"end":{"line":182,"column":null}}},"fnMap":{"0":{"name":"genId","decl":{"start":{"line":26,"column":9},"end":{"line":26,"column":17}},"loc":{"start":{"line":26,"column":17},"end":{"line":29,"column":null}},"line":26},"1":{"name":"(anonymous_1)","decl":{"start":{"line":57,"column":25},"end":{"line":57,"column":26}},"loc":{"start":{"line":57,"column":46},"end":{"line":71,"column":null}},"line":57},"2":{"name":"(anonymous_2)","decl":{"start":{"line":62,"column":29},"end":{"line":62,"column":35}},"loc":{"start":{"line":62,"column":35},"end":{"line":68,"column":5}},"line":62},"3":{"name":"(anonymous_3)","decl":{"start":{"line":73,"column":23},"end":{"line":73,"column":24}},"loc":{"start":{"line":73,"column":64},"end":{"line":122,"column":null}},"line":73},"4":{"name":"(anonymous_4)","decl":{"start":{"line":84,"column":33},"end":{"line":84,"column":34}},"loc":{"start":{"line":84,"column":41},"end":{"line":84,"column":98}},"line":84},"5":{"name":"(anonymous_5)","decl":{"start":{"line":93,"column":29},"end":{"line":93,"column":30}},"loc":{"start":{"line":93,"column":40},"end":{"line":95,"column":9}},"line":93},"6":{"name":"(anonymous_6)","decl":{"start":{"line":100,"column":33},"end":{"line":100,"column":34}},"loc":{"start":{"line":101,"column":10},"end":{"line":106,"column":null}},"line":101},"7":{"name":"(anonymous_7)","decl":{"start":{"line":119,"column":36},"end":{"line":119,"column":37}},"loc":{"start":{"line":119,"column":43},"end":{"line":119,"column":66}},"line":119},"8":{"name":"dispatch","decl":{"start":{"line":128,"column":9},"end":{"line":128,"column":18}},"loc":{"start":{"line":128,"column":34},"end":{"line":133,"column":null}},"line":128},"9":{"name":"(anonymous_9)","decl":{"start":{"line":130,"column":20},"end":{"line":130,"column":21}},"loc":{"start":{"line":130,"column":34},"end":{"line":132,"column":3}},"line":130},"10":{"name":"toast","decl":{"start":{"line":137,"column":9},"end":{"line":137,"column":15}},"loc":{"start":{"line":137,"column":36},"end":{"line":164,"column":null}},"line":137},"11":{"name":"(anonymous_11)","decl":{"start":{"line":140,"column":17},"end":{"line":140,"column":18}},"loc":{"start":{"line":141,"column":4},"end":{"line":144,"column":null}},"line":141},"12":{"name":"(anonymous_12)","decl":{"start":{"line":145,"column":18},"end":{"line":145,"column":24}},"loc":{"start":{"line":145,"column":24},"end":{"line":145,"column":null}},"line":145},"13":{"name":"(anonymous_13)","decl":{"start":{"line":153,"column":20},"end":{"line":153,"column":21}},"loc":{"start":{"line":153,"column":30},"end":{"line":155,"column":null}},"line":153},"14":{"name":"useToast","decl":{"start":{"line":166,"column":9},"end":{"line":166,"column":20}},"loc":{"start":{"line":166,"column":20},"end":{"line":184,"column":null}},"line":166},"15":{"name":"(anonymous_15)","decl":{"start":{"line":169,"column":18},"end":{"line":169,"column":24}},"loc":{"start":{"line":169,"column":24},"end":{"line":177,"column":5}},"line":169},"16":{"name":"(anonymous_16)","decl":{"start":{"line":171,"column":11},"end":{"line":171,"column":17}},"loc":{"start":{"line":171,"column":17},"end":{"line":176,"column":null}},"line":171},"17":{"name":"(anonymous_17)","decl":{"start":{"line":182,"column":13},"end":{"line":182,"column":14}},"loc":{"start":{"line":182,"column":35},"end":{"line":182,"column":null}},"line":182}},"branchMap":{"0":{"loc":{"start":{"line":58,"column":2},"end":{"line":60,"column":null}},"type":"if","locations":[{"start":{"line":58,"column":2},"end":{"line":60,"column":null}},{"start":{},"end":{}}],"line":58},"1":{"loc":{"start":{"line":74,"column":2},"end":{"line":121,"column":null}},"type":"switch","locations":[{"start":{"line":75,"column":4},"end":{"line":79,"column":null}},{"start":{"line":81,"column":4},"end":{"line":85,"column":null}},{"start":{"line":87,"column":4},"end":{"line":109,"column":null}},{"start":{"line":110,"column":4},"end":{"line":120,"column":null}}],"line":74},"2":{"loc":{"start":{"line":84,"column":41},"end":{"line":84,"column":98}},"type":"cond-expr","locations":[{"start":{"line":84,"column":68},"end":{"line":84,"column":96}},{"start":{"line":84,"column":96},"end":{"line":84,"column":98}}],"line":84},"3":{"loc":{"start":{"line":90,"column":6},"end":{"line":96,"column":null}},"type":"if","locations":[{"start":{"line":90,"column":6},"end":{"line":96,"column":null}},{"start":{"line":92,"column":13},"end":{"line":96,"column":null}}],"line":90},"4":{"loc":{"start":{"line":101,"column":10},"end":{"line":106,"column":null}},"type":"cond-expr","locations":[{"start":{"line":102,"column":14},"end":{"line":105,"column":null}},{"start":{"line":106,"column":14},"end":{"line":106,"column":null}}],"line":101},"5":{"loc":{"start":{"line":101,"column":10},"end":{"line":101,"column":null}},"type":"binary-expr","locations":[{"start":{"line":101,"column":10},"end":{"line":101,"column":30}},{"start":{"line":101,"column":30},"end":{"line":101,"column":null}}],"line":101},"6":{"loc":{"start":{"line":111,"column":6},"end":{"line":116,"column":null}},"type":"if","locations":[{"start":{"line":111,"column":6},"end":{"line":116,"column":null}},{"start":{},"end":{}}],"line":111},"7":{"loc":{"start":{"line":154,"column":8},"end":{"line":154,"column":null}},"type":"if","locations":[{"start":{"line":154,"column":8},"end":{"line":154,"column":null}},{"start":{},"end":{}}],"line":154},"8":{"loc":{"start":{"line":173,"column":6},"end":{"line":175,"column":null}},"type":"if","locations":[{"start":{"line":173,"column":6},"end":{"line":175,"column":null}},{"start":{},"end":{}}],"line":173}},"s":{"0":1,"1":1,"2":1,"3":1,"4":0,"5":0,"6":1,"7":1,"8":1,"9":0,"10":1,"11":0,"12":0,"13":1,"14":1,"15":6,"16":2,"17":1,"18":1,"19":1,"20":1,"21":1,"22":0,"23":0,"24":1,"25":1,"26":2,"27":1,"28":1,"29":1,"30":1,"31":1,"32":0,"33":0,"34":0,"35":0,"36":0,"37":0,"38":0,"39":0,"40":0,"41":0,"42":0,"43":0,"44":0,"45":0,"46":0,"47":0,"48":0,"49":0,"50":0,"51":0,"52":0},"f":{"0":0,"1":1,"2":0,"3":6,"4":1,"5":0,"6":1,"7":1,"8":0,"9":0,"10":0,"11":0,"12":0,"13":0,"14":0,"15":0,"16":0,"17":0},"b":{"0":[0,1],"1":[2,1,1,2],"2":[1,0],"3":[1,0],"4":[1,0],"5":[1,0],"6":[1,1],"7":[0,0],"8":[0,0]},"meta":{"lastBranch":9,"lastFunction":18,"lastStatement":53,"seen":{"s:7:20:7:Infinity":0,"s:8:27:8:Infinity":1,"s:17:20:22:Infinity":2,"s:24:12:24:Infinity":3,"f:26:9:26:17":0,"s:27:2:27:Infinity":4,"s:28:2:28:Infinity":5,"s:55:22:55:Infinity":6,"s:57:25:71:Infinity":7,"f:57:25:57:26":1,"b:58:2:60:Infinity:undefined:undefined:undefined:undefined":0,"s:58:2:60:Infinity":8,"s:59:4:59:Infinity":9,"s:62:18:68:Infinity":10,"f:62:29:62:35":2,"s:63:4:63:Infinity":11,"s:64:4:67:Infinity":12,"s:70:2:70:Infinity":13,"s:73:23:122:Infinity":14,"f:73:23:73:24":3,"b:75:4:79:Infinity:81:4:85:Infinity:87:4:109:Infinity:110:4:120:Infinity":1,"s:74:2:121:Infinity":15,"s:76:6:79:Infinity":16,"s:82:6:85:Infinity":17,"f:84:33:84:34":4,"s:84:41:84:98":18,"b:84:68:84:96:84:96:84:98":2,"s:88:26:88:Infinity":19,"b:90:6:96:Infinity:92:13:96:Infinity":3,"s:90:6:96:Infinity":20,"s:91:8:91:Infinity":21,"s:93:8:95:Infinity":22,"f:93:29:93:30":5,"s:94:10:94:Infinity":23,"s:98:6:108:Infinity":24,"f:100:33:100:34":6,"s:101:10:106:Infinity":25,"b:102:14:105:Infinity:106:14:106:Infinity":4,"b:101:10:101:30:101:30:101:Infinity":5,"b:111:6:116:Infinity:undefined:undefined:undefined:undefined":6,"s:111:6:116:Infinity":26,"s:112:8:115:Infinity":27,"s:117:6:120:Infinity":28,"f:119:36:119:37":7,"s:119:43:119:66":29,"s:124:49:124:Infinity":30,"s:126:25:126:Infinity":31,"f:128:9:128:18":8,"s:129:2:129:Infinity":32,"s:130:2:132:Infinity":33,"f:130:20:130:21":9,"s:131:4:131:Infinity":34,"f:137:9:137:15":10,"s:138:13:138:Infinity":35,"s:140:17:144:Infinity":36,"f:140:17:140:18":11,"s:141:4:144:Infinity":37,"s:145:18:145:Infinity":38,"f:145:18:145:24":12,"s:145:24:145:Infinity":39,"s:147:2:157:Infinity":40,"f:153:20:153:21":13,"b:154:8:154:Infinity:undefined:undefined:undefined:undefined":7,"s:154:8:154:Infinity":41,"s:154:19:154:Infinity":42,"s:159:2:163:Infinity":43,"f:166:9:166:20":14,"s:167:28:167:Infinity":44,"s:169:2:177:Infinity":45,"f:169:18:169:24":15,"s:170:4:170:Infinity":46,"s:171:4:176:Infinity":47,"f:171:11:171:17":16,"s:172:20:172:Infinity":48,"b:173:6:175:Infinity:undefined:undefined:undefined:undefined":8,"s:173:6:175:Infinity":49,"s:174:8:174:Infinity":50,"s:179:2:183:Infinity":51,"f:182:13:182:14":17,"s:182:35:182:Infinity":52}}}
,"C:\\Users\\RaghavKedia\\Desktop\\Coding\\Full Stack Projects\\KeyWarden\\src\\lib\\utils.ts": {"path":"C:\\Users\\RaghavKedia\\Desktop\\Coding\\Full Stack Projects\\KeyWarden\\src\\lib\\utils.ts","statementMap":{"0":{"start":{"line":5,"column":2},"end":{"line":5,"column":null}}},"fnMap":{"0":{"name":"cn","decl":{"start":{"line":4,"column":16},"end":{"line":4,"column":22}},"loc":{"start":{"line":4,"column":44},"end":{"line":6,"column":null}},"line":4}},"branchMap":{},"s":{"0":40},"f":{"0":40},"b":{},"meta":{"lastBranch":0,"lastFunction":1,"lastStatement":1,"seen":{"f:4:16:4:22":0,"s:5:2:5:Infinity":0}}}
}
